-------------------------------------------------------------------------------
Test set: io.jenkins.plugins.sample.HelloWorldBuilderTest
-------------------------------------------------------------------------------
Tests run: 5, Failures: 1, Errors: 2, Skipped: 0, Time elapsed: 37.72 s <<< FAILURE! -- in io.jenkins.plugins.sample.HelloWorldBuilderTest
io.jenkins.plugins.sample.HelloWorldBuilderTest.testConfigRoundtrip -- Time elapsed: 13.24 s <<< ERROR!
java.lang.IndexOutOfBoundsException: Index 0 out of bounds for length 0
	at java.base/jdk.internal.util.Preconditions.outOfBounds(Preconditions.java:100)
	at java.base/jdk.internal.util.Preconditions.outOfBoundsCheckIndex(Preconditions.java:106)
	at java.base/jdk.internal.util.Preconditions.checkIndex(Preconditions.java:302)
	at java.base/java.util.Objects.checkIndex(Objects.java:385)
	at java.base/java.util.ArrayList.get(ArrayList.java:427)
	at hudson.util.CopyOnWriteList.get(CopyOnWriteList.java:157)
	at hudson.util.PersistedList.get(PersistedList.java:101)
	at io.jenkins.plugins.sample.HelloWorldBuilderTest.testConfigRoundtrip(HelloWorldBuilderTest.java:26)
	at java.base/java.lang.reflect.Method.invoke(Method.java:580)
	at org.jvnet.hudson.test.JenkinsRule$1.evaluate(JenkinsRule.java:655)
	at java.base/java.util.concurrent.FutureTask.run(FutureTask.java:317)
	at java.base/java.lang.Thread.run(Thread.java:1583)

io.jenkins.plugins.sample.HelloWorldBuilderTest.testConfigRoundtripFrench -- Time elapsed: 10.18 s <<< ERROR!
java.lang.IndexOutOfBoundsException: Index 0 out of bounds for length 0
	at java.base/jdk.internal.util.Preconditions.outOfBounds(Preconditions.java:100)
	at java.base/jdk.internal.util.Preconditions.outOfBoundsCheckIndex(Preconditions.java:106)
	at java.base/jdk.internal.util.Preconditions.checkIndex(Preconditions.java:302)
	at java.base/java.util.Objects.checkIndex(Objects.java:385)
	at java.base/java.util.ArrayList.get(ArrayList.java:427)
	at hudson.util.CopyOnWriteList.get(CopyOnWriteList.java:157)
	at hudson.util.PersistedList.get(PersistedList.java:101)
	at io.jenkins.plugins.sample.HelloWorldBuilderTest.testConfigRoundtripFrench(HelloWorldBuilderTest.java:39)
	at java.base/java.lang.reflect.Method.invoke(Method.java:580)
	at org.jvnet.hudson.test.JenkinsRule$1.evaluate(JenkinsRule.java:655)
	at java.base/java.util.concurrent.FutureTask.run(FutureTask.java:317)
	at java.base/java.lang.Thread.run(Thread.java:1583)

io.jenkins.plugins.sample.HelloWorldBuilderTest.testScriptedPipeline -- Time elapsed: 5.916 s <<< FAILURE!
java.lang.AssertionError: 
unexpected build status; build log was:
------
Started
[Pipeline] Start of Pipeline
[Pipeline] node
Running on Jenkins in /Users/patrickbernard/Documents/Projet-SI/demo_plugin_jenkins/demo-plugin/target/tmp/j h9941232669489161725/workspace/test-scripted-pipeline
[Pipeline] {
[Pipeline] }
[Pipeline] // node
[Pipeline] End of Pipeline
Also:   org.jenkinsci.plugins.workflow.actions.ErrorAction$ErrorId: 7b5a0371-16b4-4a41-b3c0-88d4ac940406
java.lang.NoSuchMethodError: No such DSL method 'greet' found among steps [archive, bat, catchError, checkout, deleteDir, dir, echo, error, fileExists, getContext, isUnix, load, mail, node, parallel, powershell, pwd, pwsh, readFile, retry, sh, sleep, stash, step, timeout, tool, unarchive, unstable, unstash, waitUntil, warnError, withContext, withEnv, wrap, writeFile, ws] or symbols [agent, all, always, apiToken, architecture, archiveArtifacts, artifactManager, batchFile, booleanParam, buildButton, buildDiscarder, buildDiscarders, builtInNode, caseInsensitive, caseSensitive, choice, choiceParam, clock, command, cron, crumb, defaultDisplayUrlProvider, defaultView, demand, disableConcurrentBuilds, disableResume, downstream, dumb, durabilityHint, envVars, envVarsFilter, experimentalFlags, file, fileParam, filePath, fingerprint, fingerprints, frameOptions, freeStyle, freeStyleJob, fromScm, fromSource, greet, headRegexFilter, headWildcardFilter, hyperlink, hyperlinkToModels, inbound, installSource, jdk, jnlp, jobBuildDiscarder, jobName, lastDuration, lastFailure, lastGrantedAuthorities, lastStable, lastSuccess, legacy, list, local, location, logRotator, loggedInUsersCanDoAnything, mailer, masterBuild, maven, maven3Mojos, mavenErrors, mavenGlobalConfig, mavenMojos, mavenWarnings, myView, nodeProperties, none, nonresumable, paneStatus, parameters, password, pattern, permanent, pipeline, pipelineTriggers, plainText, plugin, pollSCM, projectNamingStrategy, proxy, queueItemAuthenticator, quietPeriod, resourceRoot, retainOnlyVariables, run, runParam, schedule, scmRetryCount, scriptApproval, scriptApprovalLink, search, security, shell, simpleBuildDiscarder, slave, sourceRegexFilter, sourceWildcardFilter, standard, status, string, stringParam, swapSpace, text, textParam, timezone, tmpSpace, toolLocation, unsecured, upstream, userSeed, viewsTabBar, weather, zip] or globals [currentBuild, env, params]
	at org.jenkinsci.plugins.workflow.cps.DSL.invokeMethod(DSL.java:219)
	at org.jenkinsci.plugins.workflow.cps.CpsScript.invokeMethod(CpsScript.java:124)
	at java.base/jdk.internal.reflect.DirectMethodHandleAccessor.invoke(DirectMethodHandleAccessor.java:103)
	at java.base/java.lang.reflect.Method.invoke(Method.java:580)
	at org.codehaus.groovy.reflection.CachedMethod.invoke(CachedMethod.java:98)
	at groovy.lang.MetaMethod.doMethodInvoke(MetaMethod.java:325)
	at groovy.lang.MetaClassImpl.invokeMethod(MetaClassImpl.java:1225)
	at groovy.lang.MetaClassImpl.invokeMethod(MetaClassImpl.java:1034)
	at org.codehaus.groovy.runtime.callsite.PogoMetaClassSite.call(PogoMetaClassSite.java:41)
	at org.codehaus.groovy.runtime.callsite.CallSiteArray.defaultCall(CallSiteArray.java:47)
	at org.codehaus.groovy.runtime.callsite.AbstractCallSite.call(AbstractCallSite.java:116)
	at org.kohsuke.groovy.sandbox.impl.Checker$1.call(Checker.java:180)
	at org.kohsuke.groovy.sandbox.GroovyInterceptor.onMethodCall(GroovyInterceptor.java:23)
	at org.jenkinsci.plugins.scriptsecurity.sandbox.groovy.SandboxInterceptor.onMethodCall(SandboxInterceptor.java:163)
	at org.kohsuke.groovy.sandbox.impl.Checker$1.call(Checker.java:178)
	at org.kohsuke.groovy.sandbox.impl.Checker.checkedCall(Checker.java:182)
	at org.kohsuke.groovy.sandbox.impl.Checker.checkedCall(Checker.java:152)
	at com.cloudbees.groovy.cps.sandbox.SandboxInvoker.methodCall(SandboxInvoker.java:17)
	at org.jenkinsci.plugins.workflow.cps.LoggingInvoker.methodCall(LoggingInvoker.java:105)
	at WorkflowScript.run(WorkflowScript:1)
	at ___cps.transform___(Native Method)
	at com.cloudbees.groovy.cps.impl.ContinuationGroup.methodCall(ContinuationGroup.java:90)
	at com.cloudbees.groovy.cps.impl.FunctionCallBlock$ContinuationImpl.dispatchOrArg(FunctionCallBlock.java:116)
	at com.cloudbees.groovy.cps.impl.FunctionCallBlock$ContinuationImpl.fixArg(FunctionCallBlock.java:85)
	at java.base/jdk.internal.reflect.DirectMethodHandleAccessor.invoke(DirectMethodHandleAccessor.java:103)
	at java.base/java.lang.reflect.Method.invoke(Method.java:580)
	at com.cloudbees.groovy.cps.impl.ContinuationPtr$ContinuationImpl.receive(ContinuationPtr.java:72)
	at com.cloudbees.groovy.cps.impl.ConstantBlock.eval(ConstantBlock.java:21)
	at com.cloudbees.groovy.cps.Next.step(Next.java:83)
	at com.cloudbees.groovy.cps.Continuable$1.call(Continuable.java:152)
	at com.cloudbees.groovy.cps.Continuable$1.call(Continuable.java:146)
	at org.codehaus.groovy.runtime.GroovyCategorySupport$ThreadCategoryInfo.use(GroovyCategorySupport.java:136)
	at org.codehaus.groovy.runtime.GroovyCategorySupport.use(GroovyCategorySupport.java:275)
	at com.cloudbees.groovy.cps.Continuable.run0(Continuable.java:146)
	at org.jenkinsci.plugins.workflow.cps.SandboxContinuable.access$001(SandboxContinuable.java:18)
	at org.jenkinsci.plugins.workflow.cps.SandboxContinuable.run0(SandboxContinuable.java:51)
	at org.jenkinsci.plugins.workflow.cps.CpsThread.runNextChunk(CpsThread.java:187)
	at org.jenkinsci.plugins.workflow.cps.CpsThreadGroup.run(CpsThreadGroup.java:423)
	at org.jenkinsci.plugins.workflow.cps.CpsThreadGroup$2.call(CpsThreadGroup.java:331)
	at org.jenkinsci.plugins.workflow.cps.CpsThreadGroup$2.call(CpsThreadGroup.java:295)
	at org.jenkinsci.plugins.workflow.cps.CpsVmExecutorService$2.call(CpsVmExecutorService.java:97)
	at java.base/java.util.concurrent.FutureTask.run(FutureTask.java:317)
	at hudson.remoting.SingleLaneExecutorService$1.run(SingleLaneExecutorService.java:139)
	at jenkins.util.ContextResettingExecutorService$1.run(ContextResettingExecutorService.java:28)
	at jenkins.security.ImpersonatingExecutorService$1.run(ImpersonatingExecutorService.java:68)
	at jenkins.util.ErrorLoggingExecutorService.lambda$wrap$0(ErrorLoggingExecutorService.java:51)
	at java.base/java.util.concurrent.Executors$RunnableAdapter.call(Executors.java:572)
	at java.base/java.util.concurrent.FutureTask.run(FutureTask.java:317)
	at java.base/java.util.concurrent.ThreadPoolExecutor.runWorker(ThreadPoolExecutor.java:1144)
	at java.base/java.util.concurrent.ThreadPoolExecutor$Worker.run(ThreadPoolExecutor.java:642)
	at java.base/java.lang.Thread.run(Thread.java:1583)
Finished: FAILURE

------

Expected: is <SUCCESS>
     but: was <FAILURE>
	at org.hamcrest.MatcherAssert.assertThat(MatcherAssert.java:20)
	at org.jvnet.hudson.test.JenkinsRule.assertBuildStatus(JenkinsRule.java:1502)
	at org.jvnet.hudson.test.JenkinsRule.assertBuildStatus(JenkinsRule.java:1508)
	at org.jvnet.hudson.test.JenkinsRule.assertBuildStatusSuccess(JenkinsRule.java:1536)
	at io.jenkins.plugins.sample.HelloWorldBuilderTest.testScriptedPipeline(HelloWorldBuilderTest.java:71)
	at java.base/java.lang.reflect.Method.invoke(Method.java:580)
	at org.jvnet.hudson.test.JenkinsRule$1.evaluate(JenkinsRule.java:655)
	at java.base/java.util.concurrent.FutureTask.run(FutureTask.java:317)
	at java.base/java.lang.Thread.run(Thread.java:1583)

