<?xml version="1.0" encoding="UTF-8"?>
<testsuite xmlns:xsi="http://www.w3.org/2001/XMLSchema-instance" xsi:noNamespaceSchemaLocation="https://maven.apache.org/surefire/maven-surefire-plugin/xsd/surefire-test-report-3.0.xsd" version="3.0" name="io.jenkins.plugins.sample.HelloWorldBuilderTest" time="37.717" tests="5" errors="2" skipped="0" failures="1">
  <properties>
[...]
</properties>
  <testcase name="testBuild" classname="io.jenkins.plugins.sample.HelloWorldBuilderTest" time="6.338">
    <system-out><![CDATA[=== Starting testBuild(io.jenkins.plugins.sample.HelloWorldBuilderTest)
]]></system-out>
    <system-err><![CDATA[   0.162 [id=28]	INFO	o.jvnet.hudson.test.WarExploder#explode: Picking up existing exploded jenkins.war at /Users/patrickbernard/Documents/Projet-SI/demo_plugin_jenkins/demo-plugin/target/jenkins-for-test
   0.476 [id=28]	INFO	o.jvnet.hudson.test.JenkinsRule#createWebServer: Running on http://localhost:49409/jenkins/
   0.839 [id=42]	INFO	jenkins.InitReactorRunner$1#onAttained: Started initialization
   1.601 [id=46]	INFO	hudson.PluginManager#considerDetachedPlugin: Loading a detached plugin as a dependency: /var/folders/ws/0tdbtlfd7r56xfqy510dc6880000gn/T/jenkins17062051720190554715/plugins/javax-activation-api.jpi
   1.629 [id=46]	INFO	hudson.PluginManager#considerDetachedPlugin: Loading a detached plugin as a dependency: /var/folders/ws/0tdbtlfd7r56xfqy510dc6880000gn/T/jenkins17062051720190554715/plugins/javax-mail-api.jpi
   2.116 [id=43]	INFO	jenkins.InitReactorRunner$1#onAttained: Listed all plugins
   2.134 [id=47]	INFO	j.b.api.BouncyCastlePlugin#start: /Users/patrickbernard/Documents/Projet-SI/demo_plugin_jenkins/demo-plugin/target/tmp/j h14781354461159042030/plugins/bouncycastle-api/WEB-INF/optional-lib not found; for non RealJenkinsRule this is fine and can be ignored.
   3.401 [id=45]	INFO	jenkins.InitReactorRunner$1#onAttained: Prepared all plugins
   3.415 [id=41]	INFO	jenkins.InitReactorRunner$1#onAttained: Started all plugins
   3.417 [id=40]	INFO	jenkins.InitReactorRunner$1#onAttained: Augmented all extensions
   4.281 [id=44]	INFO	jenkins.InitReactorRunner$1#onAttained: System config loaded
   4.281 [id=44]	INFO	jenkins.InitReactorRunner$1#onAttained: System config adapted
   4.282 [id=44]	INFO	jenkins.InitReactorRunner$1#onAttained: Loaded all jobs
   4.283 [id=44]	INFO	jenkins.InitReactorRunner$1#onAttained: Configuration for all jobs updated
   4.515 [id=46]	INFO	jenkins.InitReactorRunner$1#onAttained: Completed initialization
   5.343 [id=28]	INFO	hudson.lifecycle.Lifecycle#onStatusUpdate: Stopping Jenkins
   5.402 [id=28]	INFO	hudson.lifecycle.Lifecycle#onStatusUpdate: Jenkins stopped
   5.469 [id=28]	INFO	o.j.h.t.TemporaryDirectoryAllocator#dispose: deleting /Users/patrickbernard/Documents/Projet-SI/demo_plugin_jenkins/demo-plugin/target/tmp/j h14781354461159042030
]]></system-err>
  </testcase>
  <testcase name="testConfigRoundtrip" classname="io.jenkins.plugins.sample.HelloWorldBuilderTest" time="13.241">
    <error message="Index 0 out of bounds for length 0" type="java.lang.IndexOutOfBoundsException"><![CDATA[java.lang.IndexOutOfBoundsException: Index 0 out of bounds for length 0
	at java.base/jdk.internal.util.Preconditions.outOfBounds(Preconditions.java:100)
	at java.base/jdk.internal.util.Preconditions.outOfBoundsCheckIndex(Preconditions.java:106)
	at java.base/jdk.internal.util.Preconditions.checkIndex(Preconditions.java:302)
	at java.base/java.util.Objects.checkIndex(Objects.java:385)
	at java.base/java.util.ArrayList.get(ArrayList.java:427)
	at hudson.util.CopyOnWriteList.get(CopyOnWriteList.java:157)
	at hudson.util.PersistedList.get(PersistedList.java:101)
	at io.jenkins.plugins.sample.HelloWorldBuilderTest.testConfigRoundtrip(HelloWorldBuilderTest.java:26)
	at java.base/java.lang.reflect.Method.invoke(Method.java:580)
	at org.jvnet.hudson.test.JenkinsRule$1.evaluate(JenkinsRule.java:655)
	at java.base/java.util.concurrent.FutureTask.run(FutureTask.java:317)
	at java.base/java.lang.Thread.run(Thread.java:1583)
]]></error>
    <system-out><![CDATA[=== Starting testConfigRoundtrip(io.jenkins.plugins.sample.HelloWorldBuilderTest)
]]></system-out>
    <system-err><![CDATA[   0.030 [id=81]	INFO	o.jvnet.hudson.test.JenkinsRule#createWebServer: Running on http://localhost:49413/jenkins/
   0.058 [id=94]	INFO	jenkins.InitReactorRunner$1#onAttained: Started initialization
   0.060 [id=94]	INFO	jenkins.InitReactorRunner$1#onAttained: Listed all plugins
   0.062 [id=94]	INFO	j.b.api.BouncyCastlePlugin#start: /Users/patrickbernard/Documents/Projet-SI/demo_plugin_jenkins/demo-plugin/target/tmp/j h1553112007211306011/plugins/bouncycastle-api/WEB-INF/optional-lib not found; for non RealJenkinsRule this is fine and can be ignored.
   0.243 [id=95]	INFO	jenkins.InitReactorRunner$1#onAttained: Prepared all plugins
   0.247 [id=95]	INFO	jenkins.InitReactorRunner$1#onAttained: Started all plugins
   0.251 [id=95]	INFO	jenkins.InitReactorRunner$1#onAttained: Augmented all extensions
   0.736 [id=96]	INFO	jenkins.InitReactorRunner$1#onAttained: System config loaded
   0.736 [id=99]	INFO	jenkins.InitReactorRunner$1#onAttained: System config adapted
   0.737 [id=96]	INFO	jenkins.InitReactorRunner$1#onAttained: Loaded all jobs
   0.737 [id=96]	INFO	jenkins.InitReactorRunner$1#onAttained: Configuration for all jobs updated
   0.757 [id=95]	INFO	jenkins.InitReactorRunner$1#onAttained: Completed initialization
   4.184 [id=87]	WARNING	h.ExpressionFactory2$JexlExpression#evaluate: Caught exception evaluating: i.descriptor in /jenkins/job/test0/configure. Reason: java.lang.reflect.InvocationTargetException
java.lang.AssertionError: class io.jenkins.plugins.sample.HelloWorldBuilder is missing its descriptor
	at jenkins.model.Jenkins.getDescriptorOrDie(Jenkins.java:1654)
	at hudson.tasks.Builder.getDescriptor(Builder.java:70)
	at java.base/jdk.internal.reflect.DirectMethodHandleAccessor.invoke(DirectMethodHandleAccessor.java:103)
Caused: java.lang.reflect.InvocationTargetException
	at java.base/jdk.internal.reflect.DirectMethodHandleAccessor.invoke(DirectMethodHandleAccessor.java:118)
	at java.base/java.lang.reflect.Method.invoke(Method.java:580)
	at org.apache.commons.jexl.util.PropertyExecutor.execute(PropertyExecutor.java:125)
	at org.apache.commons.jexl.util.introspection.UberspectImpl$VelGetterImpl.invoke(UberspectImpl.java:314)
	at org.apache.commons.jexl.parser.ASTArrayAccess.evaluateExpr(ASTArrayAccess.java:185)
	at org.apache.commons.jexl.parser.ASTIdentifier.execute(ASTIdentifier.java:75)
	at org.apache.commons.jexl.parser.ASTReference.execute(ASTReference.java:83)
	at org.apache.commons.jexl.parser.ASTReference.value(ASTReference.java:57)
	at org.apache.commons.jexl.parser.ASTReferenceExpression.value(ASTReferenceExpression.java:51)
	at org.apache.commons.jexl.ExpressionImpl.evaluate(ExpressionImpl.java:80)
	at hudson.ExpressionFactory2$JexlExpression.evaluate(ExpressionFactory2.java:76)
	at org.apache.commons.jelly.tags.core.CoreTagLibrary$3.run(CoreTagLibrary.java:134)
	at org.apache.commons.jelly.impl.ScriptBlock.run(ScriptBlock.java:95)
	at org.apache.commons.jelly.TagSupport.invokeBody(TagSupport.java:161)
	at org.apache.commons.jelly.tags.core.ForEachTag.doTag(ForEachTag.java:150)
	at org.apache.commons.jelly.impl.TagScript.run(TagScript.java:265)
	at org.apache.commons.jelly.impl.ScriptBlock.run(ScriptBlock.java:95)
	at org.kohsuke.stapler.jelly.ReallyStaticTagLibrary$1.run(ReallyStaticTagLibrary.java:101)
	at org.apache.commons.jelly.impl.ScriptBlock.run(ScriptBlock.java:95)
	at org.apache.commons.jelly.tags.core.CoreTagLibrary$2.run(CoreTagLibrary.java:105)
	at org.kohsuke.stapler.jelly.CallTagLibScript.run(CallTagLibScript.java:122)
	at org.kohsuke.stapler.jelly.CallTagLibScript$1.run(CallTagLibScript.java:101)
	at org.apache.commons.jelly.tags.define.InvokeBodyTag.doTag(InvokeBodyTag.java:91)
	at org.apache.commons.jelly.impl.TagScript.run(TagScript.java:265)
	at org.kohsuke.stapler.jelly.ReallyStaticTagLibrary$1.run(ReallyStaticTagLibrary.java:101)
	at org.kohsuke.stapler.jelly.ReallyStaticTagLibrary$1.run(ReallyStaticTagLibrary.java:101)
	at org.apache.commons.jelly.impl.ScriptBlock.run(ScriptBlock.java:95)
	at org.apache.commons.jelly.tags.core.CoreTagLibrary$2.run(CoreTagLibrary.java:105)
	at org.kohsuke.stapler.jelly.CallTagLibScript.run(CallTagLibScript.java:122)
	at org.kohsuke.stapler.jelly.CallTagLibScript$1.run(CallTagLibScript.java:101)
	at org.apache.commons.jelly.tags.define.InvokeBodyTag.doTag(InvokeBodyTag.java:91)
	at org.apache.commons.jelly.impl.TagScript.run(TagScript.java:265)
	at org.apache.commons.jelly.impl.ScriptBlock.run(ScriptBlock.java:95)
	at org.kohsuke.stapler.jelly.ReallyStaticTagLibrary$1.run(ReallyStaticTagLibrary.java:101)
	at org.kohsuke.stapler.jelly.CallTagLibScript$1.run(CallTagLibScript.java:101)
	at org.apache.commons.jelly.tags.define.InvokeBodyTag.doTag(InvokeBodyTag.java:91)
	at org.apache.commons.jelly.impl.TagScript.run(TagScript.java:265)
	at org.apache.commons.jelly.impl.TagScript.getBodyText(TagScript.java:761)
	at org.apache.commons.jelly.tags.core.CoreTagLibrary$3.run(CoreTagLibrary.java:141)
	at org.apache.commons.jelly.impl.ScriptBlock.run(ScriptBlock.java:95)
	at org.apache.commons.jelly.tags.core.CoreTagLibrary$2.run(CoreTagLibrary.java:105)
	at org.kohsuke.stapler.jelly.CallTagLibScript.run(CallTagLibScript.java:122)
	at org.apache.commons.jelly.impl.ScriptBlock.run(ScriptBlock.java:95)
	at org.apache.commons.jelly.tags.core.CoreTagLibrary$2.run(CoreTagLibrary.java:105)
	at org.kohsuke.stapler.jelly.CallTagLibScript.run(CallTagLibScript.java:122)
	at org.apache.commons.jelly.tags.core.CoreTagLibrary$2.run(CoreTagLibrary.java:105)
	at org.kohsuke.stapler.jelly.CallTagLibScript.run(CallTagLibScript.java:122)
	at org.apache.commons.jelly.impl.ScriptBlock.run(ScriptBlock.java:95)
	at org.apache.commons.jelly.tags.core.CoreTagLibrary$2.run(CoreTagLibrary.java:105)
	at org.kohsuke.stapler.jelly.JellyViewScript.run(JellyViewScript.java:99)
	at org.kohsuke.stapler.jelly.IncludeTag.doTag(IncludeTag.java:172)
	at org.apache.commons.jelly.impl.TagScript.run(TagScript.java:265)
	at org.apache.commons.jelly.impl.ScriptBlock.run(ScriptBlock.java:95)
	at org.kohsuke.stapler.jelly.CallTagLibScript$1.run(CallTagLibScript.java:101)
	at org.apache.commons.jelly.tags.define.InvokeBodyTag.doTag(InvokeBodyTag.java:91)
	at org.apache.commons.jelly.impl.TagScript.run(TagScript.java:265)
	at org.kohsuke.stapler.jelly.ReallyStaticTagLibrary$1.run(ReallyStaticTagLibrary.java:101)
	at org.kohsuke.stapler.jelly.ReallyStaticTagLibrary$1.run(ReallyStaticTagLibrary.java:101)
	at org.apache.commons.jelly.impl.ScriptBlock.run(ScriptBlock.java:95)
	at org.apache.commons.jelly.tags.core.CoreTagLibrary$2.run(CoreTagLibrary.java:105)
	at org.kohsuke.stapler.jelly.CallTagLibScript.run(CallTagLibScript.java:122)
	at org.apache.commons.jelly.impl.ScriptBlock.run(ScriptBlock.java:95)
	at org.kohsuke.stapler.jelly.CallTagLibScript$1.run(CallTagLibScript.java:101)
	at org.apache.commons.jelly.tags.define.InvokeBodyTag.doTag(InvokeBodyTag.java:91)
	at org.apache.commons.jelly.impl.TagScript.run(TagScript.java:265)
	at org.apache.commons.jelly.impl.ScriptBlock.run(ScriptBlock.java:95)
	at org.apache.commons.jelly.tags.core.CoreTagLibrary$1.run(CoreTagLibrary.java:98)
	at org.apache.commons.jelly.impl.ScriptBlock.run(ScriptBlock.java:95)
	at org.apache.commons.jelly.tags.core.CoreTagLibrary$2.run(CoreTagLibrary.java:105)
	at org.kohsuke.stapler.jelly.CallTagLibScript.run(CallTagLibScript.java:122)
	at org.apache.commons.jelly.impl.ScriptBlock.run(ScriptBlock.java:95)
	at org.kohsuke.stapler.jelly.CallTagLibScript$1.run(CallTagLibScript.java:101)
	at org.apache.commons.jelly.tags.define.InvokeBodyTag.doTag(InvokeBodyTag.java:91)
	at org.apache.commons.jelly.impl.TagScript.run(TagScript.java:265)
	at org.apache.commons.jelly.impl.ScriptBlock.run(ScriptBlock.java:95)
	at org.kohsuke.stapler.jelly.ReallyStaticTagLibrary$1.run(ReallyStaticTagLibrary.java:101)
	at org.apache.commons.jelly.impl.ScriptBlock.run(ScriptBlock.java:95)
	at org.kohsuke.stapler.jelly.ReallyStaticTagLibrary$1.run(ReallyStaticTagLibrary.java:101)
	at org.apache.commons.jelly.impl.ScriptBlock.run(ScriptBlock.java:95)
	at org.kohsuke.stapler.jelly.ReallyStaticTagLibrary$1.run(ReallyStaticTagLibrary.java:101)
	at org.apache.commons.jelly.impl.ScriptBlock.run(ScriptBlock.java:95)
	at org.kohsuke.stapler.jelly.ReallyStaticTagLibrary$1.run(ReallyStaticTagLibrary.java:101)
	at org.apache.commons.jelly.impl.ScriptBlock.run(ScriptBlock.java:95)
	at org.kohsuke.stapler.jelly.CallTagLibScript$1.run(CallTagLibScript.java:101)
	at org.apache.commons.jelly.tags.define.InvokeBodyTag.doTag(InvokeBodyTag.java:91)
	at org.apache.commons.jelly.impl.TagScript.run(TagScript.java:265)
	at org.apache.commons.jelly.impl.ScriptBlock.run(ScriptBlock.java:95)
	at org.apache.commons.jelly.tags.core.CoreTagLibrary$2.run(CoreTagLibrary.java:105)
	at org.kohsuke.stapler.jelly.CallTagLibScript.run(CallTagLibScript.java:122)
	at org.apache.commons.jelly.impl.ScriptBlock.run(ScriptBlock.java:95)
	at org.apache.commons.jelly.tags.core.CoreTagLibrary$2.run(CoreTagLibrary.java:105)
	at org.kohsuke.stapler.jelly.CallTagLibScript.run(CallTagLibScript.java:122)
	at org.apache.commons.jelly.tags.core.CoreTagLibrary$2.run(CoreTagLibrary.java:105)
	at org.kohsuke.stapler.jelly.JellyViewScript.run(JellyViewScript.java:99)
	at org.kohsuke.stapler.jelly.DefaultScriptInvoker.invokeScript(DefaultScriptInvoker.java:66)
	at org.kohsuke.stapler.jelly.DefaultScriptInvoker.invokeScript(DefaultScriptInvoker.java:55)
	at org.kohsuke.stapler.jelly.ScriptInvoker.execute(ScriptInvoker.java:56)
	at org.kohsuke.stapler.jelly.ScriptInvoker.execute(ScriptInvoker.java:43)
	at org.kohsuke.stapler.Facet$1.dispatch(Facet.java:240)
	at org.kohsuke.stapler.Stapler.tryInvoke(Stapler.java:770)
	at org.kohsuke.stapler.Stapler.invoke(Stapler.java:900)
	at org.kohsuke.stapler.MetaClass$4.doDispatch(MetaClass.java:289)
	at org.kohsuke.stapler.NameBasedDispatcher.dispatch(NameBasedDispatcher.java:59)
	at org.kohsuke.stapler.Stapler.tryInvoke(Stapler.java:770)
	at org.kohsuke.stapler.Stapler.invoke(Stapler.java:900)
	at org.kohsuke.stapler.Stapler.invoke(Stapler.java:698)
	at org.kohsuke.stapler.Stapler.service(Stapler.java:248)
	at javax.servlet.http.HttpServlet.service(HttpServlet.java:584)
	at org.eclipse.jetty.servlet.ServletHolder.handle(ServletHolder.java:764)
	at org.eclipse.jetty.servlet.ServletHandler$ChainEnd.doFilter(ServletHandler.java:1665)
	at hudson.util.PluginServletFilter$1.doFilter(PluginServletFilter.java:163)
	at jenkins.util.HttpServletFilter$1.doFilter(HttpServletFilter.java:76)
	at hudson.util.PluginServletFilter$1.doFilter(PluginServletFilter.java:160)
	at hudson.util.PluginServletFilter.doFilter(PluginServletFilter.java:166)
	at org.eclipse.jetty.servlet.FilterHolder.doFilter(FilterHolder.java:202)
	at org.eclipse.jetty.servlet.ServletHandler$Chain.doFilter(ServletHandler.java:1635)
	at hudson.security.csrf.CrumbFilter.doFilter(CrumbFilter.java:160)
	at org.eclipse.jetty.servlet.FilterHolder.doFilter(FilterHolder.java:202)
	at org.eclipse.jetty.servlet.ServletHandler$Chain.doFilter(ServletHandler.java:1635)
	at hudson.security.ChainedServletFilter$1.doFilter(ChainedServletFilter.java:94)
	at hudson.security.ChainedServletFilter.doFilter(ChainedServletFilter.java:111)
	at hudson.security.HudsonFilter.doFilter(HudsonFilter.java:172)
	at org.eclipse.jetty.servlet.FilterHolder.doFilter(FilterHolder.java:202)
	at org.eclipse.jetty.servlet.ServletHandler$Chain.doFilter(ServletHandler.java:1635)
	at org.kohsuke.stapler.compression.CompressionFilter.doFilter(CompressionFilter.java:53)
	at org.eclipse.jetty.servlet.FilterHolder.doFilter(FilterHolder.java:202)
	at org.eclipse.jetty.servlet.ServletHandler$Chain.doFilter(ServletHandler.java:1635)
	at hudson.util.CharacterEncodingFilter.doFilter(CharacterEncodingFilter.java:86)
	at org.eclipse.jetty.servlet.FilterHolder.doFilter(FilterHolder.java:202)
	at org.eclipse.jetty.servlet.ServletHandler$Chain.doFilter(ServletHandler.java:1635)
	at org.kohsuke.stapler.DiagnosticThreadNameFilter.doFilter(DiagnosticThreadNameFilter.java:30)
	at org.eclipse.jetty.servlet.FilterHolder.doFilter(FilterHolder.java:202)
	at org.eclipse.jetty.servlet.ServletHandler$Chain.doFilter(ServletHandler.java:1635)
	at jenkins.security.SuspiciousRequestFilter.doFilter(SuspiciousRequestFilter.java:38)
	at org.eclipse.jetty.servlet.FilterHolder.doFilter(FilterHolder.java:202)
	at org.eclipse.jetty.servlet.ServletHandler$Chain.doFilter(ServletHandler.java:1635)
	at org.eclipse.jetty.servlet.ServletHandler.doHandle(ServletHandler.java:527)
	at org.eclipse.jetty.server.handler.ScopedHandler.handle(ScopedHandler.java:131)
	at org.eclipse.jetty.security.SecurityHandler.handle(SecurityHandler.java:569)
	at org.eclipse.jetty.server.handler.HandlerWrapper.handle(HandlerWrapper.java:122)
	at org.eclipse.jetty.server.handler.ScopedHandler.nextHandle(ScopedHandler.java:223)
	at org.eclipse.jetty.server.session.SessionHandler.doHandle(SessionHandler.java:1570)
	at org.eclipse.jetty.server.handler.ScopedHandler.nextHandle(ScopedHandler.java:221)
	at org.eclipse.jetty.server.handler.ContextHandler.doHandle(ContextHandler.java:1384)
	at org.eclipse.jetty.server.handler.ScopedHandler.nextScope(ScopedHandler.java:176)
	at org.eclipse.jetty.servlet.ServletHandler.doScope(ServletHandler.java:484)
	at org.eclipse.jetty.server.session.SessionHandler.doScope(SessionHandler.java:1543)
	at org.eclipse.jetty.server.handler.ScopedHandler.nextScope(ScopedHandler.java:174)
	at org.eclipse.jetty.server.handler.ContextHandler.doScope(ContextHandler.java:1306)
	at org.eclipse.jetty.server.handler.ScopedHandler.handle(ScopedHandler.java:129)
	at org.eclipse.jetty.server.handler.HandlerWrapper.handle(HandlerWrapper.java:122)
	at org.eclipse.jetty.server.Server.handle(Server.java:563)
	at org.eclipse.jetty.server.HttpChannel$RequestDispatchable.dispatch(HttpChannel.java:1598)
	at org.eclipse.jetty.server.HttpChannel.dispatch(HttpChannel.java:753)
	at org.eclipse.jetty.server.HttpChannel.handle(HttpChannel.java:501)
	at org.eclipse.jetty.server.HttpConnection.onFillable(HttpConnection.java:287)
	at org.eclipse.jetty.io.AbstractConnection$ReadCallback.succeeded(AbstractConnection.java:314)
	at org.eclipse.jetty.io.FillInterest.fillable(FillInterest.java:100)
	at org.eclipse.jetty.io.SelectableChannelEndPoint$1.run(SelectableChannelEndPoint.java:53)
	at org.eclipse.jetty.util.thread.QueuedThreadPool.runJob(QueuedThreadPool.java:969)
	at org.eclipse.jetty.util.thread.QueuedThreadPool$Runner.doRunJob(QueuedThreadPool.java:1194)
	at org.eclipse.jetty.util.thread.QueuedThreadPool$Runner.run(QueuedThreadPool.java:1149)
	at java.base/java.lang.Thread.run(Thread.java:1583)
  11.060 [id=88]	WARNING	hudson.model.Descriptor#newInstancesFromHeteroList: Received unexpected form data element: {"stapler-class":"","$class":""}
  13.029 [id=81]	INFO	hudson.lifecycle.Lifecycle#onStatusUpdate: Stopping Jenkins
  13.054 [id=81]	INFO	hudson.lifecycle.Lifecycle#onStatusUpdate: Jenkins stopped
  13.230 [id=81]	INFO	o.j.h.t.TemporaryDirectoryAllocator#dispose: deleting /Users/patrickbernard/Documents/Projet-SI/demo_plugin_jenkins/demo-plugin/target/tmp/j h1553112007211306011
]]></system-err>
  </testcase>
  <testcase name="testConfigRoundtripFrench" classname="io.jenkins.plugins.sample.HelloWorldBuilderTest" time="10.182">
    <error message="Index 0 out of bounds for length 0" type="java.lang.IndexOutOfBoundsException"><![CDATA[java.lang.IndexOutOfBoundsException: Index 0 out of bounds for length 0
	at java.base/jdk.internal.util.Preconditions.outOfBounds(Preconditions.java:100)
	at java.base/jdk.internal.util.Preconditions.outOfBoundsCheckIndex(Preconditions.java:106)
	at java.base/jdk.internal.util.Preconditions.checkIndex(Preconditions.java:302)
	at java.base/java.util.Objects.checkIndex(Objects.java:385)
	at java.base/java.util.ArrayList.get(ArrayList.java:427)
	at hudson.util.CopyOnWriteList.get(CopyOnWriteList.java:157)
	at hudson.util.PersistedList.get(PersistedList.java:101)
	at io.jenkins.plugins.sample.HelloWorldBuilderTest.testConfigRoundtripFrench(HelloWorldBuilderTest.java:39)
	at java.base/java.lang.reflect.Method.invoke(Method.java:580)
	at org.jvnet.hudson.test.JenkinsRule$1.evaluate(JenkinsRule.java:655)
	at java.base/java.util.concurrent.FutureTask.run(FutureTask.java:317)
	at java.base/java.lang.Thread.run(Thread.java:1583)
]]></error>
    <system-out><![CDATA[=== Starting testConfigRoundtripFrench(io.jenkins.plugins.sample.HelloWorldBuilderTest)
]]></system-out>
    <system-err><![CDATA[   0.012 [id=137]	INFO	o.jvnet.hudson.test.JenkinsRule#createWebServer: Running on http://localhost:49417/jenkins/
   0.036 [id=150]	INFO	jenkins.InitReactorRunner$1#onAttained: Started initialization
   0.038 [id=156]	INFO	jenkins.InitReactorRunner$1#onAttained: Listed all plugins
   0.040 [id=154]	INFO	j.b.api.BouncyCastlePlugin#start: /Users/patrickbernard/Documents/Projet-SI/demo_plugin_jenkins/demo-plugin/target/tmp/j h68187014267891292/plugins/bouncycastle-api/WEB-INF/optional-lib not found; for non RealJenkinsRule this is fine and can be ignored.
   0.163 [id=155]	INFO	jenkins.InitReactorRunner$1#onAttained: Prepared all plugins
   0.165 [id=152]	INFO	jenkins.InitReactorRunner$1#onAttained: Started all plugins
   0.167 [id=152]	INFO	jenkins.InitReactorRunner$1#onAttained: Augmented all extensions
   3.768 [id=154]	INFO	jenkins.InitReactorRunner$1#onAttained: System config loaded
   3.768 [id=154]	INFO	jenkins.InitReactorRunner$1#onAttained: System config adapted
   3.769 [id=153]	INFO	jenkins.InitReactorRunner$1#onAttained: Loaded all jobs
   3.770 [id=153]	INFO	jenkins.InitReactorRunner$1#onAttained: Configuration for all jobs updated
   3.808 [id=151]	INFO	jenkins.InitReactorRunner$1#onAttained: Completed initialization
   5.422 [id=143]	WARNING	h.ExpressionFactory2$JexlExpression#evaluate: Caught exception evaluating: i.descriptor in /jenkins/job/test0/configure. Reason: java.lang.reflect.InvocationTargetException
java.lang.AssertionError: class io.jenkins.plugins.sample.HelloWorldBuilder is missing its descriptor
	at jenkins.model.Jenkins.getDescriptorOrDie(Jenkins.java:1654)
	at hudson.tasks.Builder.getDescriptor(Builder.java:70)
	at java.base/jdk.internal.reflect.DirectMethodHandleAccessor.invoke(DirectMethodHandleAccessor.java:103)
Caused: java.lang.reflect.InvocationTargetException
	at java.base/jdk.internal.reflect.DirectMethodHandleAccessor.invoke(DirectMethodHandleAccessor.java:118)
	at java.base/java.lang.reflect.Method.invoke(Method.java:580)
	at org.apache.commons.jexl.util.PropertyExecutor.execute(PropertyExecutor.java:125)
	at org.apache.commons.jexl.util.introspection.UberspectImpl$VelGetterImpl.invoke(UberspectImpl.java:314)
	at org.apache.commons.jexl.parser.ASTArrayAccess.evaluateExpr(ASTArrayAccess.java:185)
	at org.apache.commons.jexl.parser.ASTIdentifier.execute(ASTIdentifier.java:75)
	at org.apache.commons.jexl.parser.ASTReference.execute(ASTReference.java:83)
	at org.apache.commons.jexl.parser.ASTReference.value(ASTReference.java:57)
	at org.apache.commons.jexl.parser.ASTReferenceExpression.value(ASTReferenceExpression.java:51)
	at org.apache.commons.jexl.ExpressionImpl.evaluate(ExpressionImpl.java:80)
	at hudson.ExpressionFactory2$JexlExpression.evaluate(ExpressionFactory2.java:76)
	at org.apache.commons.jelly.tags.core.CoreTagLibrary$3.run(CoreTagLibrary.java:134)
	at org.apache.commons.jelly.impl.ScriptBlock.run(ScriptBlock.java:95)
	at org.apache.commons.jelly.TagSupport.invokeBody(TagSupport.java:161)
	at org.apache.commons.jelly.tags.core.ForEachTag.doTag(ForEachTag.java:150)
	at org.apache.commons.jelly.impl.TagScript.run(TagScript.java:265)
	at org.apache.commons.jelly.impl.ScriptBlock.run(ScriptBlock.java:95)
	at org.kohsuke.stapler.jelly.ReallyStaticTagLibrary$1.run(ReallyStaticTagLibrary.java:101)
	at org.apache.commons.jelly.impl.ScriptBlock.run(ScriptBlock.java:95)
	at org.apache.commons.jelly.tags.core.CoreTagLibrary$2.run(CoreTagLibrary.java:105)
	at org.kohsuke.stapler.jelly.CallTagLibScript.run(CallTagLibScript.java:122)
	at org.kohsuke.stapler.jelly.CallTagLibScript$1.run(CallTagLibScript.java:101)
	at org.apache.commons.jelly.tags.define.InvokeBodyTag.doTag(InvokeBodyTag.java:91)
	at org.apache.commons.jelly.impl.TagScript.run(TagScript.java:265)
	at org.kohsuke.stapler.jelly.ReallyStaticTagLibrary$1.run(ReallyStaticTagLibrary.java:101)
	at org.kohsuke.stapler.jelly.ReallyStaticTagLibrary$1.run(ReallyStaticTagLibrary.java:101)
	at org.apache.commons.jelly.impl.ScriptBlock.run(ScriptBlock.java:95)
	at org.apache.commons.jelly.tags.core.CoreTagLibrary$2.run(CoreTagLibrary.java:105)
	at org.kohsuke.stapler.jelly.CallTagLibScript.run(CallTagLibScript.java:122)
	at org.kohsuke.stapler.jelly.CallTagLibScript$1.run(CallTagLibScript.java:101)
	at org.apache.commons.jelly.tags.define.InvokeBodyTag.doTag(InvokeBodyTag.java:91)
	at org.apache.commons.jelly.impl.TagScript.run(TagScript.java:265)
	at org.apache.commons.jelly.impl.ScriptBlock.run(ScriptBlock.java:95)
	at org.kohsuke.stapler.jelly.ReallyStaticTagLibrary$1.run(ReallyStaticTagLibrary.java:101)
	at org.kohsuke.stapler.jelly.CallTagLibScript$1.run(CallTagLibScript.java:101)
	at org.apache.commons.jelly.tags.define.InvokeBodyTag.doTag(InvokeBodyTag.java:91)
	at org.apache.commons.jelly.impl.TagScript.run(TagScript.java:265)
	at org.apache.commons.jelly.impl.TagScript.getBodyText(TagScript.java:761)
	at org.apache.commons.jelly.tags.core.CoreTagLibrary$3.run(CoreTagLibrary.java:141)
	at org.apache.commons.jelly.impl.ScriptBlock.run(ScriptBlock.java:95)
	at org.apache.commons.jelly.tags.core.CoreTagLibrary$2.run(CoreTagLibrary.java:105)
	at org.kohsuke.stapler.jelly.CallTagLibScript.run(CallTagLibScript.java:122)
	at org.apache.commons.jelly.impl.ScriptBlock.run(ScriptBlock.java:95)
	at org.apache.commons.jelly.tags.core.CoreTagLibrary$2.run(CoreTagLibrary.java:105)
	at org.kohsuke.stapler.jelly.CallTagLibScript.run(CallTagLibScript.java:122)
	at org.apache.commons.jelly.tags.core.CoreTagLibrary$2.run(CoreTagLibrary.java:105)
	at org.kohsuke.stapler.jelly.CallTagLibScript.run(CallTagLibScript.java:122)
	at org.apache.commons.jelly.impl.ScriptBlock.run(ScriptBlock.java:95)
	at org.apache.commons.jelly.tags.core.CoreTagLibrary$2.run(CoreTagLibrary.java:105)
	at org.kohsuke.stapler.jelly.JellyViewScript.run(JellyViewScript.java:99)
	at org.kohsuke.stapler.jelly.IncludeTag.doTag(IncludeTag.java:172)
	at org.apache.commons.jelly.impl.TagScript.run(TagScript.java:265)
	at org.apache.commons.jelly.impl.ScriptBlock.run(ScriptBlock.java:95)
	at org.kohsuke.stapler.jelly.CallTagLibScript$1.run(CallTagLibScript.java:101)
	at org.apache.commons.jelly.tags.define.InvokeBodyTag.doTag(InvokeBodyTag.java:91)
	at org.apache.commons.jelly.impl.TagScript.run(TagScript.java:265)
	at org.kohsuke.stapler.jelly.ReallyStaticTagLibrary$1.run(ReallyStaticTagLibrary.java:101)
	at org.kohsuke.stapler.jelly.ReallyStaticTagLibrary$1.run(ReallyStaticTagLibrary.java:101)
	at org.apache.commons.jelly.impl.ScriptBlock.run(ScriptBlock.java:95)
	at org.apache.commons.jelly.tags.core.CoreTagLibrary$2.run(CoreTagLibrary.java:105)
	at org.kohsuke.stapler.jelly.CallTagLibScript.run(CallTagLibScript.java:122)
	at org.apache.commons.jelly.impl.ScriptBlock.run(ScriptBlock.java:95)
	at org.kohsuke.stapler.jelly.CallTagLibScript$1.run(CallTagLibScript.java:101)
	at org.apache.commons.jelly.tags.define.InvokeBodyTag.doTag(InvokeBodyTag.java:91)
	at org.apache.commons.jelly.impl.TagScript.run(TagScript.java:265)
	at org.apache.commons.jelly.impl.ScriptBlock.run(ScriptBlock.java:95)
	at org.apache.commons.jelly.tags.core.CoreTagLibrary$1.run(CoreTagLibrary.java:98)
	at org.apache.commons.jelly.impl.ScriptBlock.run(ScriptBlock.java:95)
	at org.apache.commons.jelly.tags.core.CoreTagLibrary$2.run(CoreTagLibrary.java:105)
	at org.kohsuke.stapler.jelly.CallTagLibScript.run(CallTagLibScript.java:122)
	at org.apache.commons.jelly.impl.ScriptBlock.run(ScriptBlock.java:95)
	at org.kohsuke.stapler.jelly.CallTagLibScript$1.run(CallTagLibScript.java:101)
	at org.apache.commons.jelly.tags.define.InvokeBodyTag.doTag(InvokeBodyTag.java:91)
	at org.apache.commons.jelly.impl.TagScript.run(TagScript.java:265)
	at org.apache.commons.jelly.impl.ScriptBlock.run(ScriptBlock.java:95)
	at org.kohsuke.stapler.jelly.ReallyStaticTagLibrary$1.run(ReallyStaticTagLibrary.java:101)
	at org.apache.commons.jelly.impl.ScriptBlock.run(ScriptBlock.java:95)
	at org.kohsuke.stapler.jelly.ReallyStaticTagLibrary$1.run(ReallyStaticTagLibrary.java:101)
	at org.apache.commons.jelly.impl.ScriptBlock.run(ScriptBlock.java:95)
	at org.kohsuke.stapler.jelly.ReallyStaticTagLibrary$1.run(ReallyStaticTagLibrary.java:101)
	at org.apache.commons.jelly.impl.ScriptBlock.run(ScriptBlock.java:95)
	at org.kohsuke.stapler.jelly.ReallyStaticTagLibrary$1.run(ReallyStaticTagLibrary.java:101)
	at org.apache.commons.jelly.impl.ScriptBlock.run(ScriptBlock.java:95)
	at org.kohsuke.stapler.jelly.CallTagLibScript$1.run(CallTagLibScript.java:101)
	at org.apache.commons.jelly.tags.define.InvokeBodyTag.doTag(InvokeBodyTag.java:91)
	at org.apache.commons.jelly.impl.TagScript.run(TagScript.java:265)
	at org.apache.commons.jelly.impl.ScriptBlock.run(ScriptBlock.java:95)
	at org.apache.commons.jelly.tags.core.CoreTagLibrary$2.run(CoreTagLibrary.java:105)
	at org.kohsuke.stapler.jelly.CallTagLibScript.run(CallTagLibScript.java:122)
	at org.apache.commons.jelly.impl.ScriptBlock.run(ScriptBlock.java:95)
	at org.apache.commons.jelly.tags.core.CoreTagLibrary$2.run(CoreTagLibrary.java:105)
	at org.kohsuke.stapler.jelly.CallTagLibScript.run(CallTagLibScript.java:122)
	at org.apache.commons.jelly.tags.core.CoreTagLibrary$2.run(CoreTagLibrary.java:105)
	at org.kohsuke.stapler.jelly.JellyViewScript.run(JellyViewScript.java:99)
	at org.kohsuke.stapler.jelly.DefaultScriptInvoker.invokeScript(DefaultScriptInvoker.java:66)
	at org.kohsuke.stapler.jelly.DefaultScriptInvoker.invokeScript(DefaultScriptInvoker.java:55)
	at org.kohsuke.stapler.jelly.ScriptInvoker.execute(ScriptInvoker.java:56)
	at org.kohsuke.stapler.jelly.ScriptInvoker.execute(ScriptInvoker.java:43)
	at org.kohsuke.stapler.Facet$1.dispatch(Facet.java:240)
	at org.kohsuke.stapler.Stapler.tryInvoke(Stapler.java:770)
	at org.kohsuke.stapler.Stapler.invoke(Stapler.java:900)
	at org.kohsuke.stapler.MetaClass$4.doDispatch(MetaClass.java:289)
	at org.kohsuke.stapler.NameBasedDispatcher.dispatch(NameBasedDispatcher.java:59)
	at org.kohsuke.stapler.Stapler.tryInvoke(Stapler.java:770)
	at org.kohsuke.stapler.Stapler.invoke(Stapler.java:900)
	at org.kohsuke.stapler.Stapler.invoke(Stapler.java:698)
	at org.kohsuke.stapler.Stapler.service(Stapler.java:248)
	at javax.servlet.http.HttpServlet.service(HttpServlet.java:584)
	at org.eclipse.jetty.servlet.ServletHolder.handle(ServletHolder.java:764)
	at org.eclipse.jetty.servlet.ServletHandler$ChainEnd.doFilter(ServletHandler.java:1665)
	at hudson.util.PluginServletFilter$1.doFilter(PluginServletFilter.java:163)
	at jenkins.util.HttpServletFilter$1.doFilter(HttpServletFilter.java:76)
	at hudson.util.PluginServletFilter$1.doFilter(PluginServletFilter.java:160)
	at hudson.util.PluginServletFilter.doFilter(PluginServletFilter.java:166)
	at org.eclipse.jetty.servlet.FilterHolder.doFilter(FilterHolder.java:202)
	at org.eclipse.jetty.servlet.ServletHandler$Chain.doFilter(ServletHandler.java:1635)
	at hudson.security.csrf.CrumbFilter.doFilter(CrumbFilter.java:160)
	at org.eclipse.jetty.servlet.FilterHolder.doFilter(FilterHolder.java:202)
	at org.eclipse.jetty.servlet.ServletHandler$Chain.doFilter(ServletHandler.java:1635)
	at hudson.security.ChainedServletFilter$1.doFilter(ChainedServletFilter.java:94)
	at hudson.security.ChainedServletFilter.doFilter(ChainedServletFilter.java:111)
	at hudson.security.HudsonFilter.doFilter(HudsonFilter.java:172)
	at org.eclipse.jetty.servlet.FilterHolder.doFilter(FilterHolder.java:202)
	at org.eclipse.jetty.servlet.ServletHandler$Chain.doFilter(ServletHandler.java:1635)
	at org.kohsuke.stapler.compression.CompressionFilter.doFilter(CompressionFilter.java:53)
	at org.eclipse.jetty.servlet.FilterHolder.doFilter(FilterHolder.java:202)
	at org.eclipse.jetty.servlet.ServletHandler$Chain.doFilter(ServletHandler.java:1635)
	at hudson.util.CharacterEncodingFilter.doFilter(CharacterEncodingFilter.java:86)
	at org.eclipse.jetty.servlet.FilterHolder.doFilter(FilterHolder.java:202)
	at org.eclipse.jetty.servlet.ServletHandler$Chain.doFilter(ServletHandler.java:1635)
	at org.kohsuke.stapler.DiagnosticThreadNameFilter.doFilter(DiagnosticThreadNameFilter.java:30)
	at org.eclipse.jetty.servlet.FilterHolder.doFilter(FilterHolder.java:202)
	at org.eclipse.jetty.servlet.ServletHandler$Chain.doFilter(ServletHandler.java:1635)
	at jenkins.security.SuspiciousRequestFilter.doFilter(SuspiciousRequestFilter.java:38)
	at org.eclipse.jetty.servlet.FilterHolder.doFilter(FilterHolder.java:202)
	at org.eclipse.jetty.servlet.ServletHandler$Chain.doFilter(ServletHandler.java:1635)
	at org.eclipse.jetty.servlet.ServletHandler.doHandle(ServletHandler.java:527)
	at org.eclipse.jetty.server.handler.ScopedHandler.handle(ScopedHandler.java:131)
	at org.eclipse.jetty.security.SecurityHandler.handle(SecurityHandler.java:569)
	at org.eclipse.jetty.server.handler.HandlerWrapper.handle(HandlerWrapper.java:122)
	at org.eclipse.jetty.server.handler.ScopedHandler.nextHandle(ScopedHandler.java:223)
	at org.eclipse.jetty.server.session.SessionHandler.doHandle(SessionHandler.java:1570)
	at org.eclipse.jetty.server.handler.ScopedHandler.nextHandle(ScopedHandler.java:221)
	at org.eclipse.jetty.server.handler.ContextHandler.doHandle(ContextHandler.java:1384)
	at org.eclipse.jetty.server.handler.ScopedHandler.nextScope(ScopedHandler.java:176)
	at org.eclipse.jetty.servlet.ServletHandler.doScope(ServletHandler.java:484)
	at org.eclipse.jetty.server.session.SessionHandler.doScope(SessionHandler.java:1543)
	at org.eclipse.jetty.server.handler.ScopedHandler.nextScope(ScopedHandler.java:174)
	at org.eclipse.jetty.server.handler.ContextHandler.doScope(ContextHandler.java:1306)
	at org.eclipse.jetty.server.handler.ScopedHandler.handle(ScopedHandler.java:129)
	at org.eclipse.jetty.server.handler.HandlerWrapper.handle(HandlerWrapper.java:122)
	at org.eclipse.jetty.server.Server.handle(Server.java:563)
	at org.eclipse.jetty.server.HttpChannel$RequestDispatchable.dispatch(HttpChannel.java:1598)
	at org.eclipse.jetty.server.HttpChannel.dispatch(HttpChannel.java:753)
	at org.eclipse.jetty.server.HttpChannel.handle(HttpChannel.java:501)
	at org.eclipse.jetty.server.HttpConnection.onFillable(HttpConnection.java:287)
	at org.eclipse.jetty.io.AbstractConnection$ReadCallback.succeeded(AbstractConnection.java:314)
	at org.eclipse.jetty.io.FillInterest.fillable(FillInterest.java:100)
	at org.eclipse.jetty.io.SelectableChannelEndPoint$1.run(SelectableChannelEndPoint.java:53)
	at org.eclipse.jetty.util.thread.QueuedThreadPool.runJob(QueuedThreadPool.java:969)
	at org.eclipse.jetty.util.thread.QueuedThreadPool$Runner.doRunJob(QueuedThreadPool.java:1194)
	at org.eclipse.jetty.util.thread.QueuedThreadPool$Runner.run(QueuedThreadPool.java:1149)
	at java.base/java.lang.Thread.run(Thread.java:1583)
   8.167 [id=144]	WARNING	hudson.model.Descriptor#newInstancesFromHeteroList: Received unexpected form data element: {"stapler-class":"","$class":""}
   9.969 [id=137]	INFO	hudson.lifecycle.Lifecycle#onStatusUpdate: Stopping Jenkins
   9.991 [id=137]	INFO	hudson.lifecycle.Lifecycle#onStatusUpdate: Jenkins stopped
  10.171 [id=137]	INFO	o.j.h.t.TemporaryDirectoryAllocator#dispose: deleting /Users/patrickbernard/Documents/Projet-SI/demo_plugin_jenkins/demo-plugin/target/tmp/j h68187014267891292
]]></system-err>
  </testcase>
  <testcase name="testBuildFrench" classname="io.jenkins.plugins.sample.HelloWorldBuilderTest" time="2.017">
    <system-out><![CDATA[=== Starting testBuildFrench(io.jenkins.plugins.sample.HelloWorldBuilderTest)
]]></system-out>
    <system-err><![CDATA[   0.017 [id=184]	INFO	o.jvnet.hudson.test.JenkinsRule#createWebServer: Running on http://localhost:49421/jenkins/
   0.042 [id=197]	INFO	jenkins.InitReactorRunner$1#onAttained: Started initialization
   0.044 [id=196]	INFO	jenkins.InitReactorRunner$1#onAttained: Listed all plugins
   0.046 [id=199]	INFO	j.b.api.BouncyCastlePlugin#start: /Users/patrickbernard/Documents/Projet-SI/demo_plugin_jenkins/demo-plugin/target/tmp/j h14559526517582667733/plugins/bouncycastle-api/WEB-INF/optional-lib not found; for non RealJenkinsRule this is fine and can be ignored.
   0.167 [id=198]	INFO	jenkins.InitReactorRunner$1#onAttained: Prepared all plugins
   0.168 [id=199]	INFO	jenkins.InitReactorRunner$1#onAttained: Started all plugins
   0.170 [id=200]	INFO	jenkins.InitReactorRunner$1#onAttained: Augmented all extensions
   1.106 [id=198]	INFO	jenkins.InitReactorRunner$1#onAttained: System config loaded
   1.106 [id=202]	INFO	jenkins.InitReactorRunner$1#onAttained: System config adapted
   1.107 [id=198]	INFO	jenkins.InitReactorRunner$1#onAttained: Loaded all jobs
   1.107 [id=196]	INFO	jenkins.InitReactorRunner$1#onAttained: Configuration for all jobs updated
   1.130 [id=199]	INFO	jenkins.InitReactorRunner$1#onAttained: Completed initialization
   1.762 [id=184]	INFO	hudson.lifecycle.Lifecycle#onStatusUpdate: Stopping Jenkins
   1.783 [id=184]	INFO	hudson.lifecycle.Lifecycle#onStatusUpdate: Jenkins stopped
   1.997 [id=184]	INFO	o.j.h.t.TemporaryDirectoryAllocator#dispose: deleting /Users/patrickbernard/Documents/Projet-SI/demo_plugin_jenkins/demo-plugin/target/tmp/j h14559526517582667733
]]></system-err>
  </testcase>
  <testcase name="testScriptedPipeline" classname="io.jenkins.plugins.sample.HelloWorldBuilderTest" time="5.916">
    <failure message="unexpected build status; build log was:&#10;------&#10;Started&#10;[Pipeline] Start of Pipeline&#10;[Pipeline] node&#10;Running on Jenkins in /Users/patrickbernard/Documents/Projet-SI/demo_plugin_jenkins/demo-plugin/target/tmp/j h9941232669489161725/workspace/test-scripted-pipeline&#10;[Pipeline] {&#10;[Pipeline] }&#10;[Pipeline] // node&#10;[Pipeline] End of Pipeline&#10;Also:   org.jenkinsci.plugins.workflow.actions.ErrorAction$ErrorId: 7b5a0371-16b4-4a41-b3c0-88d4ac940406&#10;java.lang.NoSuchMethodError: No such DSL method &apos;greet&apos; found among steps [archive, bat, catchError, checkout, deleteDir, dir, echo, error, fileExists, getContext, isUnix, load, mail, node, parallel, powershell, pwd, pwsh, readFile, retry, sh, sleep, stash, step, timeout, tool, unarchive, unstable, unstash, waitUntil, warnError, withContext, withEnv, wrap, writeFile, ws] or symbols [agent, all, always, apiToken, architecture, archiveArtifacts, artifactManager, batchFile, booleanParam, buildButton, buildDiscarder, buildDiscarders, builtInNode, caseInsensitive, caseSensitive, choice, choiceParam, clock, command, cron, crumb, defaultDisplayUrlProvider, defaultView, demand, disableConcurrentBuilds, disableResume, downstream, dumb, durabilityHint, envVars, envVarsFilter, experimentalFlags, file, fileParam, filePath, fingerprint, fingerprints, frameOptions, freeStyle, freeStyleJob, fromScm, fromSource, greet, headRegexFilter, headWildcardFilter, hyperlink, hyperlinkToModels, inbound, installSource, jdk, jnlp, jobBuildDiscarder, jobName, lastDuration, lastFailure, lastGrantedAuthorities, lastStable, lastSuccess, legacy, list, local, location, logRotator, loggedInUsersCanDoAnything, mailer, masterBuild, maven, maven3Mojos, mavenErrors, mavenGlobalConfig, mavenMojos, mavenWarnings, myView, nodeProperties, none, nonresumable, paneStatus, parameters, password, pattern, permanent, pipeline, pipelineTriggers, plainText, plugin, pollSCM, projectNamingStrategy, proxy, queueItemAuthenticator, quietPeriod, resourceRoot, retainOnlyVariables, run, runParam, schedule, scmRetryCount, scriptApproval, scriptApprovalLink, search, security, shell, simpleBuildDiscarder, slave, sourceRegexFilter, sourceWildcardFilter, standard, status, string, stringParam, swapSpace, text, textParam, timezone, tmpSpace, toolLocation, unsecured, upstream, userSeed, viewsTabBar, weather, zip] or globals [currentBuild, env, params]&#10;	at org.jenkinsci.plugins.workflow.cps.DSL.invokeMethod(DSL.java:219)&#10;	at org.jenkinsci.plugins.workflow.cps.CpsScript.invokeMethod(CpsScript.java:124)&#10;	at java.base/jdk.internal.reflect.DirectMethodHandleAccessor.invoke(DirectMethodHandleAccessor.java:103)&#10;	at java.base/java.lang.reflect.Method.invoke(Method.java:580)&#10;	at org.codehaus.groovy.reflection.CachedMethod.invoke(CachedMethod.java:98)&#10;	at groovy.lang.MetaMethod.doMethodInvoke(MetaMethod.java:325)&#10;	at groovy.lang.MetaClassImpl.invokeMethod(MetaClassImpl.java:1225)&#10;	at groovy.lang.MetaClassImpl.invokeMethod(MetaClassImpl.java:1034)&#10;	at org.codehaus.groovy.runtime.callsite.PogoMetaClassSite.call(PogoMetaClassSite.java:41)&#10;	at org.codehaus.groovy.runtime.callsite.CallSiteArray.defaultCall(CallSiteArray.java:47)&#10;	at org.codehaus.groovy.runtime.callsite.AbstractCallSite.call(AbstractCallSite.java:116)&#10;	at org.kohsuke.groovy.sandbox.impl.Checker$1.call(Checker.java:180)&#10;	at org.kohsuke.groovy.sandbox.GroovyInterceptor.onMethodCall(GroovyInterceptor.java:23)&#10;	at org.jenkinsci.plugins.scriptsecurity.sandbox.groovy.SandboxInterceptor.onMethodCall(SandboxInterceptor.java:163)&#10;	at org.kohsuke.groovy.sandbox.impl.Checker$1.call(Checker.java:178)&#10;	at org.kohsuke.groovy.sandbox.impl.Checker.checkedCall(Checker.java:182)&#10;	at org.kohsuke.groovy.sandbox.impl.Checker.checkedCall(Checker.java:152)&#10;	at com.cloudbees.groovy.cps.sandbox.SandboxInvoker.methodCall(SandboxInvoker.java:17)&#10;	at org.jenkinsci.plugins.workflow.cps.LoggingInvoker.methodCall(LoggingInvoker.java:105)&#10;	at WorkflowScript.run(WorkflowScript:1)&#10;	at ___cps.transform___(Native Method)&#10;	at com.cloudbees.groovy.cps.impl.ContinuationGroup.methodCall(ContinuationGroup.java:90)&#10;	at com.cloudbees.groovy.cps.impl.FunctionCallBlock$ContinuationImpl.dispatchOrArg(FunctionCallBlock.java:116)&#10;	at com.cloudbees.groovy.cps.impl.FunctionCallBlock$ContinuationImpl.fixArg(FunctionCallBlock.java:85)&#10;	at java.base/jdk.internal.reflect.DirectMethodHandleAccessor.invoke(DirectMethodHandleAccessor.java:103)&#10;	at java.base/java.lang.reflect.Method.invoke(Method.java:580)&#10;	at com.cloudbees.groovy.cps.impl.ContinuationPtr$ContinuationImpl.receive(ContinuationPtr.java:72)&#10;	at com.cloudbees.groovy.cps.impl.ConstantBlock.eval(ConstantBlock.java:21)&#10;	at com.cloudbees.groovy.cps.Next.step(Next.java:83)&#10;	at com.cloudbees.groovy.cps.Continuable$1.call(Continuable.java:152)&#10;	at com.cloudbees.groovy.cps.Continuable$1.call(Continuable.java:146)&#10;	at org.codehaus.groovy.runtime.GroovyCategorySupport$ThreadCategoryInfo.use(GroovyCategorySupport.java:136)&#10;	at org.codehaus.groovy.runtime.GroovyCategorySupport.use(GroovyCategorySupport.java:275)&#10;	at com.cloudbees.groovy.cps.Continuable.run0(Continuable.java:146)&#10;	at org.jenkinsci.plugins.workflow.cps.SandboxContinuable.access$001(SandboxContinuable.java:18)&#10;	at org.jenkinsci.plugins.workflow.cps.SandboxContinuable.run0(SandboxContinuable.java:51)&#10;	at org.jenkinsci.plugins.workflow.cps.CpsThread.runNextChunk(CpsThread.java:187)&#10;	at org.jenkinsci.plugins.workflow.cps.CpsThreadGroup.run(CpsThreadGroup.java:423)&#10;	at org.jenkinsci.plugins.workflow.cps.CpsThreadGroup$2.call(CpsThreadGroup.java:331)&#10;	at org.jenkinsci.plugins.workflow.cps.CpsThreadGroup$2.call(CpsThreadGroup.java:295)&#10;	at org.jenkinsci.plugins.workflow.cps.CpsVmExecutorService$2.call(CpsVmExecutorService.java:97)&#10;	at java.base/java.util.concurrent.FutureTask.run(FutureTask.java:317)&#10;	at hudson.remoting.SingleLaneExecutorService$1.run(SingleLaneExecutorService.java:139)&#10;	at jenkins.util.ContextResettingExecutorService$1.run(ContextResettingExecutorService.java:28)&#10;	at jenkins.security.ImpersonatingExecutorService$1.run(ImpersonatingExecutorService.java:68)&#10;	at jenkins.util.ErrorLoggingExecutorService.lambda$wrap$0(ErrorLoggingExecutorService.java:51)&#10;	at java.base/java.util.concurrent.Executors$RunnableAdapter.call(Executors.java:572)&#10;	at java.base/java.util.concurrent.FutureTask.run(FutureTask.java:317)&#10;	at java.base/java.util.concurrent.ThreadPoolExecutor.runWorker(ThreadPoolExecutor.java:1144)&#10;	at java.base/java.util.concurrent.ThreadPoolExecutor$Worker.run(ThreadPoolExecutor.java:642)&#10;	at java.base/java.lang.Thread.run(Thread.java:1583)&#10;Finished: FAILURE&#10;&#10;------&#10;&#10;Expected: is &lt;SUCCESS&gt;&#10;     but: was &lt;FAILURE&gt;" type="java.lang.AssertionError"><![CDATA[java.lang.AssertionError: 
unexpected build status; build log was:
------
Started
[Pipeline] Start of Pipeline
[Pipeline] node
Running on Jenkins in /Users/patrickbernard/Documents/Projet-SI/demo_plugin_jenkins/demo-plugin/target/tmp/j h9941232669489161725/workspace/test-scripted-pipeline
[Pipeline] {
[Pipeline] }
[Pipeline] // node
[Pipeline] End of Pipeline
Also:   org.jenkinsci.plugins.workflow.actions.ErrorAction$ErrorId: 7b5a0371-16b4-4a41-b3c0-88d4ac940406
java.lang.NoSuchMethodError: No such DSL method 'greet' found among steps [archive, bat, catchError, checkout, deleteDir, dir, echo, error, fileExists, getContext, isUnix, load, mail, node, parallel, powershell, pwd, pwsh, readFile, retry, sh, sleep, stash, step, timeout, tool, unarchive, unstable, unstash, waitUntil, warnError, withContext, withEnv, wrap, writeFile, ws] or symbols [agent, all, always, apiToken, architecture, archiveArtifacts, artifactManager, batchFile, booleanParam, buildButton, buildDiscarder, buildDiscarders, builtInNode, caseInsensitive, caseSensitive, choice, choiceParam, clock, command, cron, crumb, defaultDisplayUrlProvider, defaultView, demand, disableConcurrentBuilds, disableResume, downstream, dumb, durabilityHint, envVars, envVarsFilter, experimentalFlags, file, fileParam, filePath, fingerprint, fingerprints, frameOptions, freeStyle, freeStyleJob, fromScm, fromSource, greet, headRegexFilter, headWildcardFilter, hyperlink, hyperlinkToModels, inbound, installSource, jdk, jnlp, jobBuildDiscarder, jobName, lastDuration, lastFailure, lastGrantedAuthorities, lastStable, lastSuccess, legacy, list, local, location, logRotator, loggedInUsersCanDoAnything, mailer, masterBuild, maven, maven3Mojos, mavenErrors, mavenGlobalConfig, mavenMojos, mavenWarnings, myView, nodeProperties, none, nonresumable, paneStatus, parameters, password, pattern, permanent, pipeline, pipelineTriggers, plainText, plugin, pollSCM, projectNamingStrategy, proxy, queueItemAuthenticator, quietPeriod, resourceRoot, retainOnlyVariables, run, runParam, schedule, scmRetryCount, scriptApproval, scriptApprovalLink, search, security, shell, simpleBuildDiscarder, slave, sourceRegexFilter, sourceWildcardFilter, standard, status, string, stringParam, swapSpace, text, textParam, timezone, tmpSpace, toolLocation, unsecured, upstream, userSeed, viewsTabBar, weather, zip] or globals [currentBuild, env, params]
	at org.jenkinsci.plugins.workflow.cps.DSL.invokeMethod(DSL.java:219)
	at org.jenkinsci.plugins.workflow.cps.CpsScript.invokeMethod(CpsScript.java:124)
	at java.base/jdk.internal.reflect.DirectMethodHandleAccessor.invoke(DirectMethodHandleAccessor.java:103)
	at java.base/java.lang.reflect.Method.invoke(Method.java:580)
	at org.codehaus.groovy.reflection.CachedMethod.invoke(CachedMethod.java:98)
	at groovy.lang.MetaMethod.doMethodInvoke(MetaMethod.java:325)
	at groovy.lang.MetaClassImpl.invokeMethod(MetaClassImpl.java:1225)
	at groovy.lang.MetaClassImpl.invokeMethod(MetaClassImpl.java:1034)
	at org.codehaus.groovy.runtime.callsite.PogoMetaClassSite.call(PogoMetaClassSite.java:41)
	at org.codehaus.groovy.runtime.callsite.CallSiteArray.defaultCall(CallSiteArray.java:47)
	at org.codehaus.groovy.runtime.callsite.AbstractCallSite.call(AbstractCallSite.java:116)
	at org.kohsuke.groovy.sandbox.impl.Checker$1.call(Checker.java:180)
	at org.kohsuke.groovy.sandbox.GroovyInterceptor.onMethodCall(GroovyInterceptor.java:23)
	at org.jenkinsci.plugins.scriptsecurity.sandbox.groovy.SandboxInterceptor.onMethodCall(SandboxInterceptor.java:163)
	at org.kohsuke.groovy.sandbox.impl.Checker$1.call(Checker.java:178)
	at org.kohsuke.groovy.sandbox.impl.Checker.checkedCall(Checker.java:182)
	at org.kohsuke.groovy.sandbox.impl.Checker.checkedCall(Checker.java:152)
	at com.cloudbees.groovy.cps.sandbox.SandboxInvoker.methodCall(SandboxInvoker.java:17)
	at org.jenkinsci.plugins.workflow.cps.LoggingInvoker.methodCall(LoggingInvoker.java:105)
	at WorkflowScript.run(WorkflowScript:1)
	at ___cps.transform___(Native Method)
	at com.cloudbees.groovy.cps.impl.ContinuationGroup.methodCall(ContinuationGroup.java:90)
	at com.cloudbees.groovy.cps.impl.FunctionCallBlock$ContinuationImpl.dispatchOrArg(FunctionCallBlock.java:116)
	at com.cloudbees.groovy.cps.impl.FunctionCallBlock$ContinuationImpl.fixArg(FunctionCallBlock.java:85)
	at java.base/jdk.internal.reflect.DirectMethodHandleAccessor.invoke(DirectMethodHandleAccessor.java:103)
	at java.base/java.lang.reflect.Method.invoke(Method.java:580)
	at com.cloudbees.groovy.cps.impl.ContinuationPtr$ContinuationImpl.receive(ContinuationPtr.java:72)
	at com.cloudbees.groovy.cps.impl.ConstantBlock.eval(ConstantBlock.java:21)
	at com.cloudbees.groovy.cps.Next.step(Next.java:83)
	at com.cloudbees.groovy.cps.Continuable$1.call(Continuable.java:152)
	at com.cloudbees.groovy.cps.Continuable$1.call(Continuable.java:146)
	at org.codehaus.groovy.runtime.GroovyCategorySupport$ThreadCategoryInfo.use(GroovyCategorySupport.java:136)
	at org.codehaus.groovy.runtime.GroovyCategorySupport.use(GroovyCategorySupport.java:275)
	at com.cloudbees.groovy.cps.Continuable.run0(Continuable.java:146)
	at org.jenkinsci.plugins.workflow.cps.SandboxContinuable.access$001(SandboxContinuable.java:18)
	at org.jenkinsci.plugins.workflow.cps.SandboxContinuable.run0(SandboxContinuable.java:51)
	at org.jenkinsci.plugins.workflow.cps.CpsThread.runNextChunk(CpsThread.java:187)
	at org.jenkinsci.plugins.workflow.cps.CpsThreadGroup.run(CpsThreadGroup.java:423)
	at org.jenkinsci.plugins.workflow.cps.CpsThreadGroup$2.call(CpsThreadGroup.java:331)
	at org.jenkinsci.plugins.workflow.cps.CpsThreadGroup$2.call(CpsThreadGroup.java:295)
	at org.jenkinsci.plugins.workflow.cps.CpsVmExecutorService$2.call(CpsVmExecutorService.java:97)
	at java.base/java.util.concurrent.FutureTask.run(FutureTask.java:317)
	at hudson.remoting.SingleLaneExecutorService$1.run(SingleLaneExecutorService.java:139)
	at jenkins.util.ContextResettingExecutorService$1.run(ContextResettingExecutorService.java:28)
	at jenkins.security.ImpersonatingExecutorService$1.run(ImpersonatingExecutorService.java:68)
	at jenkins.util.ErrorLoggingExecutorService.lambda$wrap$0(ErrorLoggingExecutorService.java:51)
	at java.base/java.util.concurrent.Executors$RunnableAdapter.call(Executors.java:572)
	at java.base/java.util.concurrent.FutureTask.run(FutureTask.java:317)
	at java.base/java.util.concurrent.ThreadPoolExecutor.runWorker(ThreadPoolExecutor.java:1144)
	at java.base/java.util.concurrent.ThreadPoolExecutor$Worker.run(ThreadPoolExecutor.java:642)
	at java.base/java.lang.Thread.run(Thread.java:1583)
Finished: FAILURE

------

Expected: is <SUCCESS>
     but: was <FAILURE>
	at org.hamcrest.MatcherAssert.assertThat(MatcherAssert.java:20)
	at org.jvnet.hudson.test.JenkinsRule.assertBuildStatus(JenkinsRule.java:1502)
	at org.jvnet.hudson.test.JenkinsRule.assertBuildStatus(JenkinsRule.java:1508)
	at org.jvnet.hudson.test.JenkinsRule.assertBuildStatusSuccess(JenkinsRule.java:1536)
	at io.jenkins.plugins.sample.HelloWorldBuilderTest.testScriptedPipeline(HelloWorldBuilderTest.java:71)
	at java.base/java.lang.reflect.Method.invoke(Method.java:580)
	at org.jvnet.hudson.test.JenkinsRule$1.evaluate(JenkinsRule.java:655)
	at java.base/java.util.concurrent.FutureTask.run(FutureTask.java:317)
	at java.base/java.lang.Thread.run(Thread.java:1583)
]]></failure>
    <system-out><![CDATA[=== Starting testScriptedPipeline(io.jenkins.plugins.sample.HelloWorldBuilderTest)
$ "/usr/local/Cellar/openjdk/21.0.1/libexec/openjdk.jdk/Contents/Home/bin/java"  -Djava.awt.headless=true -Xmx512m -XX:+PrintCommandLineFlags -jar "/Users/patrickbernard/Documents/Projet-SI/demo_plugin_jenkins/demo-plugin/target/jenkins-for-test/WEB-INF/lib/remoting-3131.vf2b_b_798b_ce99.jar"
-XX:ConcGCThreads=1 -XX:G1ConcRefinementThreads=4 -XX:GCDrainStackTargetSize=64 -XX:InitialHeapSize=134217728 -XX:MarkStackSize=4194304 -XX:MaxHeapSize=536870912 -XX:MinHeapSize=6815736 -XX:+PrintCommandLineFlags -XX:ReservedCodeCacheSize=251658240 -XX:+SegmentedCodeCache -XX:+UseCompressedOops -XX:+UseG1GC 
<===[JENKINS REMOTING CAPACITY]===>&amp#0;&amp#0;&amp#0;channel started
Remoting version: 3131.vf2b_b_798b_ce99
Launcher: SimpleCommandLauncher
Communication Protocol: Standard in/out
This is a Unix agent
]]></system-out>
    <system-err><![CDATA[   0.019 [id=224]	INFO	o.jvnet.hudson.test.JenkinsRule#createWebServer: Running on http://localhost:49424/jenkins/
   0.045 [id=237]	INFO	jenkins.InitReactorRunner$1#onAttained: Started initialization
   0.047 [id=242]	INFO	jenkins.InitReactorRunner$1#onAttained: Listed all plugins
   0.049 [id=240]	INFO	j.b.api.BouncyCastlePlugin#start: /Users/patrickbernard/Documents/Projet-SI/demo_plugin_jenkins/demo-plugin/target/tmp/j h9941232669489161725/plugins/bouncycastle-api/WEB-INF/optional-lib not found; for non RealJenkinsRule this is fine and can be ignored.
   0.209 [id=238]	INFO	jenkins.InitReactorRunner$1#onAttained: Prepared all plugins
   0.211 [id=240]	INFO	jenkins.InitReactorRunner$1#onAttained: Started all plugins
   0.212 [id=240]	INFO	jenkins.InitReactorRunner$1#onAttained: Augmented all extensions
   2.127 [id=237]	INFO	jenkins.InitReactorRunner$1#onAttained: System config loaded
   2.127 [id=241]	INFO	jenkins.InitReactorRunner$1#onAttained: System config adapted
   2.128 [id=237]	INFO	jenkins.InitReactorRunner$1#onAttained: Loaded all jobs
   2.128 [id=241]	INFO	jenkins.InitReactorRunner$1#onAttained: Configuration for all jobs updated
   2.144 [id=240]	INFO	jenkins.InitReactorRunner$1#onAttained: Completed initialization
   2.282 [id=224]	INFO	o.jvnet.hudson.test.JenkinsRule#waitOnline: Launching slave0…
   3.876 [id=75]	INFO	o.j.h.test.SimpleCommandLauncher#launch: agent launched for slave0
   3.877 [id=224]	INFO	o.jvnet.hudson.test.JenkinsRule#waitOnline: …finished launching slave0.
   5.590 [id=224]	INFO	hudson.lifecycle.Lifecycle#onStatusUpdate: Stopping Jenkins
   5.734 [id=224]	INFO	hudson.lifecycle.Lifecycle#onStatusUpdate: Jenkins stopped
   5.902 [id=224]	INFO	o.j.h.t.TemporaryDirectoryAllocator#dispose: deleting /Users/patrickbernard/Documents/Projet-SI/demo_plugin_jenkins/demo-plugin/target/tmp/j h9941232669489161725
]]></system-err>
  </testcase>
</testsuite>